<?xml version="1.0" encoding="UTF-8"?>
<testng-results ignored="0" total="0" passed="0" failed="0" skipped="0">
  <reporter-output>
  </reporter-output>
  <suite started-at="2022-08-27T20:13:58 CDT" name="base.TestBase" finished-at="2022-08-27T20:13:58 CDT" duration-ms="34">
    <groups>
    </groups>
    <test started-at="2022-08-27T20:13:58 CDT" name="Command line test" finished-at="2022-08-27T20:13:58 CDT" duration-ms="34">
    </test> <!-- Command line test -->
  </suite> <!-- base.TestBase -->
</testng-results>
