<?xml version="1.0" encoding="UTF-8"?>
<testng-results ignored="0" total="1" passed="1" failed="0" skipped="0">
  <reporter-output>
  </reporter-output>
  <suite started-at="2022-09-04T22:42:52 CDT" name="Default suite" finished-at="2022-09-04T22:42:56 CDT" duration-ms="4217">
    <groups>
    </groups>
    <test started-at="2022-09-04T22:42:52 CDT" name="Default test" finished-at="2022-09-04T22:42:56 CDT" duration-ms="4217">
      <class name="testcases.DuplicateCatagory">
        <test-method is-config="true" signature="setUp()[pri:0, instance:testcases.DuplicateCatagory@3fb1549b]" started-at="2022-09-04T22:42:52 CDT" name="setUp" finished-at="2022-09-04T22:42:55 CDT" duration-ms="3505" status="PASS">
          <reporter-output>
          </reporter-output>
        </test-method> <!-- setUp -->
        <test-method signature="addingCatagory()[pri:0, instance:testcases.DuplicateCatagory@3fb1549b]" started-at="2022-09-04T22:42:55 CDT" name="addingCatagory" finished-at="2022-09-04T22:42:56 CDT" duration-ms="476" status="PASS">
          <reporter-output>
          </reporter-output>
        </test-method> <!-- addingCatagory -->
        <test-method is-config="true" signature="tearDown()[pri:0, instance:testcases.DuplicateCatagory@3fb1549b]" started-at="2022-09-04T22:42:56 CDT" name="tearDown" finished-at="2022-09-04T22:42:56 CDT" duration-ms="202" status="PASS">
          <reporter-output>
          </reporter-output>
        </test-method> <!-- tearDown -->
      </class> <!-- testcases.DuplicateCatagory -->
    </test> <!-- Default test -->
  </suite> <!-- Default suite -->
</testng-results>
